#
# A fatal error has been detected by the Java Runtime Environment:
#
#  EXCEPTION_ACCESS_VIOLATION (0xc0000005) at pc=0x00007ffa8ecf82b0, pid=1920, tid=4448
#
# JRE version: OpenJDK Runtime Environment (12.0.2+10) (build 12.0.2-BellSoft+10)
# Java VM: OpenJDK 64-Bit Server VM (12.0.2-BellSoft+10, mixed mode, sharing, tiered, compressed oops, g1 gc, windows-amd64)
# Problematic frame:
# C  0x00007ffa8ecf82b0
#
# No core dump will be written. Minidumps are not enabled by default on client versions of Windows
#
# If you would like to submit a bug report, please visit:
#   http://bugreport.java.com/bugreport/crash.jsp
# The crash happened outside the Java Virtual Machine in native code.
# See problematic frame for where to report the bug.
#

---------------  S U M M A R Y ------------

Command Line: -Dfile.encoding=UTF-8 simrskhanza.SIMRSKhanza

Host: Intel(R) Core(TM) i5-10400 CPU @ 2.90GHz, 12 cores, 15G,  Windows 10 , 64 bit Build 19041 (10.0.19041.928)
Time: Wed Jun 12 14:05:46 2024 SE Asia Standard Time elapsed time: 520 seconds (0d 0h 8m 40s)

---------------  T H R E A D  ---------------

Current thread (0x000000002aefb800):  JavaThread "JavaFX Application Thread" [_thread_in_native, id=4448, stack(0x0000000039550000,0x0000000039650000)]

Stack: [0x0000000039550000,0x0000000039650000],  sp=0x000000003964d1c0,  free space=1012k
Native frames: (J=compiled Java code, j=interpreted, Vv=VM code, C=native code)
C  0x00007ffa8ecf82b0

Java frames: (J=compiled Java code, j=interpreted, Vv=VM code)
j  com.sun.webkit.WebPage.twkInit(JZF)V+0 javafx.web@12.0.2-BellSoft
j  com.sun.webkit.WebPage.<init>(Lcom/sun/webkit/WebPageClient;Lcom/sun/webkit/UIClient;Lcom/sun/webkit/PolicyClient;Lcom/sun/webkit/InspectorClient;Lcom/sun/webkit/ThemeClient;Z)V+195 javafx.web@12.0.2-BellSoft
j  javafx.scene.web.WebEngine.<init>(Ljava/lang/String;Z)V+270 javafx.web@12.0.2-BellSoft
j  javafx.scene.web.WebEngine.<init>()V+3 javafx.web@12.0.2-BellSoft
j  javafx.scene.web.WebView.<init>()V+60 javafx.web@12.0.2-BellSoft
j  bridging.INACBGHybrid$3.run()V+4
j  com.sun.javafx.application.PlatformImpl.lambda$runLater$10(Ljava/lang/Runnable;)Ljava/lang/Void;+1 javafx.graphics@12.0.2-BellSoft
j  com.sun.javafx.application.PlatformImpl$$Lambda$251.run()Ljava/lang/Object;+4 javafx.graphics@12.0.2-BellSoft
J 2553 c1 java.security.AccessController.doPrivileged(Ljava/security/PrivilegedAction;Ljava/security/AccessControlContext;)Ljava/lang/Object; java.base@12.0.2-BellSoft (17 bytes) @ 0x000000000d033804 [0x000000000d033620+0x00000000000001e4]
j  com.sun.javafx.application.PlatformImpl.lambda$runLater$11(Ljava/lang/Runnable;Ljava/security/AccessControlContext;)V+7 javafx.graphics@12.0.2-BellSoft
j  com.sun.javafx.application.PlatformImpl$$Lambda$250.run()V+8 javafx.graphics@12.0.2-BellSoft
j  com.sun.glass.ui.InvokeLaterDispatcher$Future.run()V+4 javafx.graphics@12.0.2-BellSoft
v  ~StubRoutines::call_stub
j  com.sun.glass.ui.win.WinApplication._runLoop(Ljava/lang/Runnable;)V+0 javafx.graphics@12.0.2-BellSoft
j  com.sun.glass.ui.win.WinApplication.lambda$runLoop$3(ILjava/lang/Runnable;)V+8 javafx.graphics@12.0.2-BellSoft
j  com.sun.glass.ui.win.WinApplication$$Lambda$237.run()V+12 javafx.graphics@12.0.2-BellSoft
j  java.lang.Thread.run()V+11 java.base@12.0.2-BellSoft
v  ~StubRoutines::call_stub

siginfo: EXCEPTION_ACCESS_VIOLATION (0xc0000005), writing address 0x0000000000000000


Register to memory mapping:

RIP=0x00007ffa8ecf82b0 points into unknown readable memory: ff 01 48 8b 9c 24 88 00
RAX=0x000000003964d248 is pointing into the stack for thread: 0x000000002aefb800
RBX=0x00000000370b2e10 points into unknown readable memory: 00 00 00 00 00 00 00 00
RCX=0x0 is NULL
RDX=0x00007ffa8fba4560 points into unknown readable memory: 74 69 6d 65 73 00 00 00
RSP=0x000000003964d1c0 is pointing into the stack for thread: 0x000000002aefb800
RBP=0x0 is NULL
RSI=0x00007ffa91adb270 points into unknown readable memory: d0 6c 9d 8f fa 7f 00 00
RDI=0x000000003964d2a8 is pointing into the stack for thread: 0x000000002aefb800
R8 =0x0 is NULL
R9 =0xffff8005a712e818 is an unknown value
R10=0x0000000000000005 is an unknown value
R11=0x000000003964d1b0 is pointing into the stack for thread: 0x000000002aefb800
R12=0x00000000368e7998 points into unknown readable memory: 30 a6 44 38 00 00 00 00
R13=0x00000000ffffffff is an unknown value
R14=0x00000000370b2e10 points into unknown readable memory: 00 00 00 00 00 00 00 00
R15=0x0 is NULL


Registers:
RAX=0x000000003964d248, RBX=0x00000000370b2e10, RCX=0x0000000000000000, RDX=0x00007ffa8fba4560
RSP=0x000000003964d1c0, RBP=0x0000000000000000, RSI=0x00007ffa91adb270, RDI=0x000000003964d2a8
R8 =0x0000000000000000, R9 =0xffff8005a712e818, R10=0x0000000000000005, R11=0x000000003964d1b0
R12=0x00000000368e7998, R13=0x00000000ffffffff, R14=0x00000000370b2e10, R15=0x0000000000000000
RIP=0x00007ffa8ecf82b0, EFLAGS=0x0000000000010246

Top of Stack: (sp=0x000000003964d1c0)
0x000000003964d1c0:   00000000370b2e10 0000000000000000
0x000000003964d1d0:   00007ffa91adb270 000000003964d2a8
0x000000003964d1e0:   0000000000000000 0000000000000000
0x000000003964d1f0:   000000003964d200 00007ffa8e718100
0x000000003964d200:   0000000000000000 00000000370b2e00
0x000000003964d210:   00000000366fd2d0 00000000370b2e10
0x000000003964d220:   00000000366fd2d0 00007ffa8eaba060
0x000000003964d230:   00000000366fd2e8 00000000370b2e10
0x000000003964d240:   0000000000000000 0000000000000000
0x000000003964d250:   000000003964d260 0000000000000001
0x000000003964d260:   000000002a87c9b0 00000000ffffffff
0x000000003964d270:   0000000000000001 00000000366fd2d0
0x000000003964d280:   000000003964d349 00007ffa8e7e4b3c
0x000000003964d290:   0000000000000000 00000000370b2e10
0x000000003964d2a0:   00000000368e7790 0000000000000000
0x000000003964d2b0:   0000000000000000 000000003964d202 

Instructions: (pc=0x00007ffa8ecf82b0)
0x00007ffa8ecf81b0:   cc cc cc cc cc cc cc cc cc cc cc cc cc cc cc cc
0x00007ffa8ecf81c0:   33 c0 48 89 02 48 89 42 08 48 8b c2 c3 cc cc cc
0x00007ffa8ecf81d0:   cc cc cc cc cc cc cc cc cc cc cc cc cc cc cc cc
0x00007ffa8ecf81e0:   c2 00 00 cc cc cc cc cc cc cc cc cc cc cc cc cc
0x00007ffa8ecf81f0:   33 c0 48 89 02 48 89 42 08 48 8b c2 c3 cc cc cc
0x00007ffa8ecf8200:   cc cc cc cc cc cc cc cc cc cc cc cc cc cc cc cc
0x00007ffa8ecf8210:   48 89 5c 24 08 48 89 74 24 10 57 48 83 ec 60 65
0x00007ffa8ecf8220:   48 8b 04 25 58 00 00 00 48 8b f1 44 8b 0d d6 93
0x00007ffa8ecf8230:   df 02 49 8b d8 b9 1c 00 00 00 48 8b fa 4e 8b 0c
0x00007ffa8ecf8240:   c8 42 8b 04 09 39 05 d5 c0 de 02 0f 8f b9 00 00
0x00007ffa8ecf8250:   00 c6 44 24 38 00 48 8d 44 24 40 48 89 44 24 30
0x00007ffa8ecf8260:   4c 8d 0d b1 c0 de 02 48 c7 44 24 28 00 00 00 00
0x00007ffa8ecf8270:   48 8d 94 24 88 00 00 00 4c 8b c3 48 c7 44 24 20
0x00007ffa8ecf8280:   00 00 00 00 48 8b ce c6 44 24 40 00 c6 44 24 42
0x00007ffa8ecf8290:   00 c6 44 24 46 00 c6 44 24 48 00 c6 44 24 4c 00
0x00007ffa8ecf82a0:   c6 44 24 4e 00 e8 66 fe db ff 48 8b 08 48 89 0f
0x00007ffa8ecf82b0:   ff 01 48 8b 9c 24 88 00 00 00 48 c7 84 24 88 00
0x00007ffa8ecf82c0:   00 00 00 00 00 00 48 85 db 74 2c 8b 03 83 e8 01
0x00007ffa8ecf82d0:   74 15 89 03 48 8b c7 48 8b 5c 24 70 48 8b 74 24
0x00007ffa8ecf82e0:   78 48 83 c4 60 5f c3 48 8b cb e8 91 e4 db ff 48
0x00007ffa8ecf82f0:   8b cb e8 a9 41 a1 00 48 8b 5c 24 70 48 8b c7 48
0x00007ffa8ecf8300:   8b 74 24 78 48 83 c4 60 5f c3 48 8d 0d 0f c0 de
0x00007ffa8ecf8310:   02 e8 e6 a1 cb 00 83 3d 03 c0 de 02 ff 0f 85 2e
0x00007ffa8ecf8320:   ff ff ff 48 8d 15 c2 c6 ee 00 48 8d 8c 24 88 00
0x00007ffa8ecf8330:   00 00 e8 d9 df a1 00 48 8b 84 24 88 00 00 00 48
0x00007ffa8ecf8340:   8d 0d 3a fd cb 00 48 89 05 cb bf de 02 e8 a6 a6
0x00007ffa8ecf8350:   cb 00 48 8d 0d c7 bf de 02 e8 3e a1 cb 00 e9 ee
0x00007ffa8ecf8360:   fe ff ff cc cc cc cc cc cc cc cc cc cc cc cc cc
0x00007ffa8ecf8370:   40 53 48 83 ec 20 49 8b c0 48 8b da 48 8b d0 48
0x00007ffa8ecf8380:   8b cb 4d 8b c1 e8 46 0c e1 ff 48 8b c3 48 83 c4
0x00007ffa8ecf8390:   20 5b c3 cc cc cc cc cc cc cc cc cc cc cc cc cc
0x00007ffa8ecf83a0:   48 8d 05 21 52 df 02 c3 cc cc cc cc cc cc cc cc 


Stack slot to memory mapping:
stack at sp + 0 slots: 0x00000000370b2e10 points into unknown readable memory: 00 00 00 00 00 00 00 00
stack at sp + 1 slots: 0x0 is NULL
stack at sp + 2 slots: 0x00007ffa91adb270 points into unknown readable memory: d0 6c 9d 8f fa 7f 00 00
stack at sp + 3 slots: 0x000000003964d2a8 is pointing into the stack for thread: 0x000000002aefb800
stack at sp + 4 slots: 0x0 is NULL
stack at sp + 5 slots: 0x0 is NULL
stack at sp + 6 slots: 0x000000003964d200 is pointing into the stack for thread: 0x000000002aefb800
stack at sp + 7 slots: 0x00007ffa8e718100 points into unknown readable memory: 01 74 04 89 01 eb 05 e8


---------------  P R O C E S S  ---------------

Threads class SMR info:
_java_thread_list=0x00000000341764e0, length=19, elements={
0x0000000028d90800, 0x0000000028d91800, 0x0000000028da7800, 0x0000000028da9800,
0x0000000028dac000, 0x0000000028db4800, 0x0000000028dbe000, 0x0000000029082800,
0x0000000029093000, 0x000000002a63e000, 0x000000002a73b000, 0x000000002a8cf000,
0x0000000002adf000, 0x00000000340fd800, 0x00000000349f2000, 0x000000003654d000,
0x000000002aefb800, 0x000000002aeff000, 0x000000002aef9800
}

Java Threads: ( => current thread )
  0x0000000028d90800 JavaThread "Reference Handler" daemon [_thread_blocked, id=7616, stack(0x0000000029200000,0x0000000029300000)]
  0x0000000028d91800 JavaThread "Finalizer" daemon [_thread_blocked, id=8216, stack(0x0000000029300000,0x0000000029400000)]
  0x0000000028da7800 JavaThread "Signal Dispatcher" daemon [_thread_blocked, id=6508, stack(0x0000000029500000,0x0000000029600000)]
  0x0000000028da9800 JavaThread "Attach Listener" daemon [_thread_blocked, id=1424, stack(0x0000000029600000,0x0000000029700000)]
  0x0000000028dac000 JavaThread "C2 CompilerThread0" daemon [_thread_blocked, id=4976, stack(0x0000000029700000,0x0000000029800000)]
  0x0000000028db4800 JavaThread "C1 CompilerThread0" daemon [_thread_blocked, id=2876, stack(0x0000000029800000,0x0000000029900000)]
  0x0000000028dbe000 JavaThread "Sweeper thread" daemon [_thread_blocked, id=7396, stack(0x0000000029900000,0x0000000029a00000)]
  0x0000000029082800 JavaThread "Service Thread" daemon [_thread_blocked, id=11040, stack(0x0000000029a00000,0x0000000029b00000)]
  0x0000000029093000 JavaThread "Common-Cleaner" daemon [_thread_blocked, id=7284, stack(0x0000000029c00000,0x0000000029d00000)]
  0x000000002a63e000 JavaThread "Java2D Disposer" daemon [_thread_blocked, id=3284, stack(0x000000002bc10000,0x000000002bd10000)]
  0x000000002a73b000 JavaThread "AWT-Shutdown" [_thread_blocked, id=11096, stack(0x000000002bd10000,0x000000002be10000)]
  0x000000002a8cf000 JavaThread "AWT-EventQueue-0" [_thread_blocked, id=4624, stack(0x000000002c9c0000,0x000000002cac0000)]
  0x0000000002adf000 JavaThread "DestroyJavaVM" [_thread_blocked, id=3596, stack(0x00000000009c0000,0x0000000000ac0000)]
  0x00000000340fd800 JavaThread "Abandoned connection cleanup thread" daemon [_thread_blocked, id=1928, stack(0x0000000035280000,0x0000000035380000)]
  0x00000000349f2000 JavaThread "TimerQueue" daemon [_thread_blocked, id=4092, stack(0x0000000037400000,0x0000000037500000)]
  0x000000003654d000 JavaThread "InvokeLaterDispatcher" daemon [_thread_blocked, id=5600, stack(0x0000000039450000,0x0000000039550000)]
=>0x000000002aefb800 JavaThread "JavaFX Application Thread" [_thread_in_native, id=4448, stack(0x0000000039550000,0x0000000039650000)]
  0x000000002aeff000 JavaThread "Thread-2" daemon [_thread_in_native, id=1956, stack(0x000000002c8c0000,0x000000002c9c0000)]
  0x000000002aef9800 JavaThread "Image Fetcher 0" daemon [_thread_blocked, id=5428, stack(0x000000002c1d0000,0x000000002c2d0000)]

Other Threads:
  0x0000000028d8b800 VMThread "VM Thread" [stack: 0x0000000029100000,0x0000000029200000] [id=7368]
  0x0000000029084000 WatcherThread [stack: 0x0000000029b00000,0x0000000029c00000] [id=10584]
  0x0000000002b41800 GCTaskThread "GC Thread#0" [stack: 0x0000000025350000,0x0000000025450000] [id=2872]
  0x000000002a4eb000 GCTaskThread "GC Thread#1" [stack: 0x000000002b5d0000,0x000000002b6d0000] [id=8220]
  0x000000002a618800 GCTaskThread "GC Thread#2" [stack: 0x000000002b6d0000,0x000000002b7d0000] [id=3368]
  0x000000002a707800 GCTaskThread "GC Thread#3" [stack: 0x000000002b7d0000,0x000000002b8d0000] [id=6344]
  0x0000000029f66800 GCTaskThread "GC Thread#4" [stack: 0x000000002b8d0000,0x000000002b9d0000] [id=1784]
  0x0000000029f67000 GCTaskThread "GC Thread#5" [stack: 0x000000002b9d0000,0x000000002bad0000] [id=7200]
  0x0000000034942800 GCTaskThread "GC Thread#6" [stack: 0x0000000039960000,0x0000000039a60000] [id=5124]
  0x00000000363f1800 GCTaskThread "GC Thread#7" [stack: 0x0000000039a60000,0x0000000039b60000] [id=5064]
  0x0000000002b5c800 ConcurrentGCThread "G1 Main Marker" [stack: 0x0000000025450000,0x0000000025550000] [id=6184]
  0x0000000002b60000 ConcurrentGCThread "G1 Conc#0" [stack: 0x0000000025550000,0x0000000025650000] [id=9848]
  0x000000003452d800 ConcurrentGCThread "G1 Conc#1" [stack: 0x0000000035b80000,0x0000000035c80000] [id=1100]
  0x0000000033dd0800 ConcurrentGCThread "G1 Conc#2" [stack: 0x0000000035c80000,0x0000000035d80000] [id=5004]
  0x0000000028201000 ConcurrentGCThread "G1 Refine#0" [stack: 0x0000000028300000,0x0000000028400000] [id=7028]
  0x0000000028202000 ConcurrentGCThread "G1 Young RemSet Sampling" [stack: 0x0000000028400000,0x0000000028500000] [id=9516]

Threads with active compile tasks:

VM state:not at safepoint (normal execution)

VM Mutex/Monitor currently owned by a thread: None

Heap address: 0x0000000700e00000, size: 4082 MB, Compressed Oops mode: Zero based, Oop shift amount: 3
Narrow klass base: 0x0000000800000000, Narrow klass shift: 3
Compressed class space size: 1073741824 Address: 0x0000000801190000

Heap:
 garbage-first heap   total 188416K, used 115457K [0x0000000700e00000, 0x0000000800000000)
  region size 1024K, 8 young (8192K), 1 survivors (1024K)
 Metaspace       used 50066K, capacity 51385K, committed 51584K, reserved 1093632K
  class space    used 6737K, capacity 7235K, committed 7296K, reserved 1048576K
Heap Regions: E=young(eden), S=young(survivor), O=old, HS=humongous(starts), HC=humongous(continues), CS=collection set, F=free, A=archive, TAMS=top-at-mark-start (previous, next)
|   0|0x0000000700e00000, 0x0000000700f00000, 0x0000000700f00000|100%|HS|  |TAMS 0x0000000700f00000, 0x0000000700e00000| Complete 
|   1|0x0000000700f00000, 0x0000000701000000, 0x0000000701000000|100%|HS|  |TAMS 0x0000000701000000, 0x0000000700f00000| Complete 
|   2|0x0000000701000000, 0x0000000701100000, 0x0000000701100000|100%|HC|  |TAMS 0x0000000701100000, 0x0000000701000000| Complete 
|   3|0x0000000701100000, 0x0000000701200000, 0x0000000701200000|100%|HS|  |TAMS 0x0000000701200000, 0x0000000701100000| Complete 
|   4|0x0000000701200000, 0x0000000701300000, 0x0000000701300000|100%| O|  |TAMS 0x0000000701300000, 0x0000000701200000| Untracked 
|   5|0x0000000701300000, 0x0000000701400000, 0x0000000701400000|100%| O|  |TAMS 0x0000000701400000, 0x0000000701300000| Untracked 
|   6|0x0000000701400000, 0x0000000701500000, 0x0000000701500000|100%| O|  |TAMS 0x0000000701500000, 0x0000000701400000| Untracked 
|   7|0x0000000701500000, 0x0000000701600000, 0x0000000701600000|100%| O|  |TAMS 0x0000000701600000, 0x0000000701500000| Untracked 
|   8|0x0000000701600000, 0x0000000701700000, 0x0000000701700000|100%| O|  |TAMS 0x0000000701700000, 0x0000000701600000| Untracked 
|   9|0x0000000701700000, 0x0000000701800000, 0x0000000701800000|100%| O|  |TAMS 0x0000000701800000, 0x0000000701700000| Untracked 
|  10|0x0000000701800000, 0x0000000701900000, 0x0000000701900000|100%| O|  |TAMS 0x0000000701900000, 0x0000000701800000| Untracked 
|  11|0x0000000701900000, 0x0000000701a00000, 0x0000000701a00000|100%| O|  |TAMS 0x0000000701a00000, 0x0000000701900000| Untracked 
|  12|0x0000000701a00000, 0x0000000701b00000, 0x0000000701b00000|100%| O|  |TAMS 0x0000000701b00000, 0x0000000701a00000| Untracked 
|  13|0x0000000701b00000, 0x0000000701c00000, 0x0000000701c00000|100%| O|  |TAMS 0x0000000701c00000, 0x0000000701b00000| Untracked 
|  14|0x0000000701c00000, 0x0000000701d00000, 0x0000000701d00000|100%| O|  |TAMS 0x0000000701d00000, 0x0000000701c00000| Untracked 
|  15|0x0000000701d00000, 0x0000000701e00000, 0x0000000701e00000|100%| O|  |TAMS 0x0000000701e00000, 0x0000000701d00000| Untracked 
|  16|0x0000000701e00000, 0x0000000701f00000, 0x0000000701f00000|100%| O|  |TAMS 0x0000000701f00000, 0x0000000701e00000| Untracked 
|  17|0x0000000701f00000, 0x0000000702000000, 0x0000000702000000|100%| O|  |TAMS 0x0000000702000000, 0x0000000701f00000| Untracked 
|  18|0x0000000702000000, 0x0000000702100000, 0x0000000702100000|100%| O|  |TAMS 0x0000000702100000, 0x0000000702000000| Untracked 
|  19|0x0000000702100000, 0x0000000702200000, 0x0000000702200000|100%| O|  |TAMS 0x0000000702200000, 0x0000000702100000| Untracked 
|  20|0x0000000702200000, 0x00000007022d6c00, 0x0000000702300000| 83%| O|  |TAMS 0x00000007022d6c00, 0x0000000702200000| Untracked 
|  21|0x0000000702300000, 0x0000000702400000, 0x0000000702400000|100%| O|  |TAMS 0x0000000702400000, 0x0000000702300000| Untracked 
|  22|0x0000000702400000, 0x0000000702500000, 0x0000000702500000|100%| O|  |TAMS 0x0000000702500000, 0x0000000702400000| Untracked 
|  23|0x0000000702500000, 0x0000000702600000, 0x0000000702600000|100%| O|  |TAMS 0x0000000702600000, 0x0000000702500000| Untracked 
|  24|0x0000000702600000, 0x0000000702700000, 0x0000000702700000|100%| O|  |TAMS 0x0000000702700000, 0x0000000702600000| Untracked 
|  25|0x0000000702700000, 0x0000000702800000, 0x0000000702800000|100%| O|  |TAMS 0x0000000702800000, 0x0000000702700000| Untracked 
|  26|0x0000000702800000, 0x0000000702900000, 0x0000000702900000|100%| O|  |TAMS 0x0000000702900000, 0x0000000702800000| Untracked 
|  27|0x0000000702900000, 0x0000000702a00000, 0x0000000702a00000|100%| O|  |TAMS 0x0000000702a00000, 0x0000000702900000| Untracked 
|  28|0x0000000702a00000, 0x0000000702b00000, 0x0000000702b00000|100%| O|  |TAMS 0x0000000702b00000, 0x0000000702a00000| Untracked 
|  29|0x0000000702b00000, 0x0000000702c00000, 0x0000000702c00000|100%| O|  |TAMS 0x0000000702c00000, 0x0000000702b00000| Untracked 
|  30|0x0000000702c00000, 0x0000000702d00000, 0x0000000702d00000|100%| O|  |TAMS 0x0000000702d00000, 0x0000000702c00000| Untracked 
|  31|0x0000000702d00000, 0x0000000702e00000, 0x0000000702e00000|100%| O|  |TAMS 0x0000000702e00000, 0x0000000702d00000| Untracked 
|  32|0x0000000702e00000, 0x0000000702f00000, 0x0000000702f00000|100%| O|  |TAMS 0x0000000702f00000, 0x0000000702e00000| Untracked 
|  33|0x0000000702f00000, 0x0000000703000000, 0x0000000703000000|100%| O|  |TAMS 0x0000000703000000, 0x0000000702f00000| Untracked 
|  34|0x0000000703000000, 0x0000000703100000, 0x0000000703100000|100%| O|  |TAMS 0x0000000703100000, 0x0000000703000000| Untracked 
|  35|0x0000000703100000, 0x0000000703200000, 0x0000000703200000|100%| O|  |TAMS 0x0000000703200000, 0x0000000703100000| Untracked 
|  36|0x0000000703200000, 0x0000000703300000, 0x0000000703300000|100%| O|  |TAMS 0x0000000703300000, 0x0000000703200000| Untracked 
|  37|0x0000000703300000, 0x0000000703400000, 0x0000000703400000|100%| O|  |TAMS 0x0000000703400000, 0x0000000703300000| Untracked 
|  38|0x0000000703400000, 0x0000000703500000, 0x0000000703500000|100%| O|  |TAMS 0x0000000703500000, 0x0000000703400000| Untracked 
|  39|0x0000000703500000, 0x0000000703600000, 0x0000000703600000|100%| O|  |TAMS 0x0000000703600000, 0x0000000703500000| Untracked 
|  40|0x0000000703600000, 0x0000000703700000, 0x0000000703700000|100%| O|  |TAMS 0x0000000703700000, 0x0000000703600000| Untracked 
|  41|0x0000000703700000, 0x0000000703800000, 0x0000000703800000|100%| O|  |TAMS 0x0000000703800000, 0x0000000703700000| Untracked 
|  42|0x0000000703800000, 0x0000000703900000, 0x0000000703900000|100%| O|  |TAMS 0x0000000703900000, 0x0000000703800000| Untracked 
|  43|0x0000000703900000, 0x0000000703a00000, 0x0000000703a00000|100%| O|  |TAMS 0x0000000703a00000, 0x0000000703900000| Untracked 
|  44|0x0000000703a00000, 0x0000000703b00000, 0x0000000703b00000|100%| O|  |TAMS 0x0000000703b00000, 0x0000000703a00000| Untracked 
|  45|0x0000000703b00000, 0x0000000703c00000, 0x0000000703c00000|100%| O|  |TAMS 0x0000000703c00000, 0x0000000703b00000| Untracked 
|  46|0x0000000703c00000, 0x0000000703d00000, 0x0000000703d00000|100%| O|  |TAMS 0x0000000703d00000, 0x0000000703c00000| Untracked 
|  47|0x0000000703d00000, 0x0000000703e00000, 0x0000000703e00000|100%| O|  |TAMS 0x0000000703e00000, 0x0000000703d00000| Untracked 
|  48|0x0000000703e00000, 0x0000000703f00000, 0x0000000703f00000|100%| O|  |TAMS 0x0000000703f00000, 0x0000000703e00000| Untracked 
|  49|0x0000000703f00000, 0x0000000704000000, 0x0000000704000000|100%| O|  |TAMS 0x0000000704000000, 0x0000000703f00000| Untracked 
|  50|0x0000000704000000, 0x0000000704100000, 0x0000000704100000|100%| O|  |TAMS 0x0000000704100000, 0x0000000704000000| Untracked 
|  51|0x0000000704100000, 0x0000000704200000, 0x0000000704200000|100%| O|  |TAMS 0x0000000704200000, 0x0000000704100000| Untracked 
|  52|0x0000000704200000, 0x0000000704300000, 0x0000000704300000|100%| O|  |TAMS 0x0000000704300000, 0x0000000704200000| Untracked 
|  53|0x0000000704300000, 0x0000000704400000, 0x0000000704400000|100%| O|  |TAMS 0x0000000704400000, 0x0000000704300000| Untracked 
|  54|0x0000000704400000, 0x0000000704500000, 0x0000000704500000|100%| O|  |TAMS 0x0000000704500000, 0x0000000704400000| Untracked 
|  55|0x0000000704500000, 0x0000000704600000, 0x0000000704600000|100%| O|  |TAMS 0x0000000704600000, 0x0000000704500000| Untracked 
|  56|0x0000000704600000, 0x0000000704700000, 0x0000000704700000|100%| O|  |TAMS 0x0000000704700000, 0x0000000704600000| Untracked 
|  57|0x0000000704700000, 0x0000000704800000, 0x0000000704800000|100%| O|  |TAMS 0x0000000704800000, 0x0000000704700000| Untracked 
|  58|0x0000000704800000, 0x0000000704900000, 0x0000000704900000|100%| O|  |TAMS 0x0000000704900000, 0x0000000704800000| Untracked 
|  59|0x0000000704900000, 0x0000000704a00000, 0x0000000704a00000|100%| O|  |TAMS 0x0000000704a00000, 0x0000000704900000| Untracked 
|  60|0x0000000704a00000, 0x0000000704b00000, 0x0000000704b00000|100%| O|  |TAMS 0x0000000704b00000, 0x0000000704a00000| Untracked 
|  61|0x0000000704b00000, 0x0000000704c00000, 0x0000000704c00000|100%| O|  |TAMS 0x0000000704c00000, 0x0000000704b00000| Untracked 
|  62|0x0000000704c00000, 0x0000000704d00000, 0x0000000704d00000|100%|HS|  |TAMS 0x0000000704d00000, 0x0000000704c00000| Complete 
|  63|0x0000000704d00000, 0x0000000704e00000, 0x0000000704e00000|100%|HC|  |TAMS 0x0000000704e00000, 0x0000000704d00000| Complete 
|  64|0x0000000704e00000, 0x0000000704f00000, 0x0000000704f00000|100%|HC|  |TAMS 0x0000000704f00000, 0x0000000704e00000| Complete 
|  65|0x0000000704f00000, 0x0000000705000000, 0x0000000705000000|100%|HC|  |TAMS 0x0000000705000000, 0x0000000704f00000| Complete 
|  66|0x0000000705000000, 0x0000000705100000, 0x0000000705100000|100%|HC|  |TAMS 0x0000000705100000, 0x0000000705000000| Complete 
|  67|0x0000000705100000, 0x0000000705200000, 0x0000000705200000|100%|HC|  |TAMS 0x0000000705200000, 0x0000000705100000| Complete 
|  68|0x0000000705200000, 0x0000000705300000, 0x0000000705300000|100%|HC|  |TAMS 0x0000000705300000, 0x0000000705200000| Complete 
|  69|0x0000000705300000, 0x0000000705400000, 0x0000000705400000|100%|HC|  |TAMS 0x0000000705400000, 0x0000000705300000| Complete 
|  70|0x0000000705400000, 0x0000000705500000, 0x0000000705500000|100%|HC|  |TAMS 0x0000000705500000, 0x0000000705400000| Complete 
|  71|0x0000000705500000, 0x0000000705600000, 0x0000000705600000|100%| O|  |TAMS 0x0000000705600000, 0x0000000705500000| Untracked 
|  72|0x0000000705600000, 0x0000000705700000, 0x0000000705700000|100%| O|  |TAMS 0x0000000705700000, 0x0000000705600000| Untracked 
|  73|0x0000000705700000, 0x0000000705800000, 0x0000000705800000|100%| O|  |TAMS 0x0000000705800000, 0x0000000705700000| Untracked 
|  74|0x0000000705800000, 0x0000000705900000, 0x0000000705900000|100%| O|  |TAMS 0x0000000705900000, 0x0000000705800000| Untracked 
|  75|0x0000000705900000, 0x0000000705a00000, 0x0000000705a00000|100%| O|  |TAMS 0x0000000705a00000, 0x0000000705900000| Untracked 
|  76|0x0000000705a00000, 0x0000000705b00000, 0x0000000705b00000|100%| O|  |TAMS 0x0000000705b00000, 0x0000000705a00000| Untracked 
|  77|0x0000000705b00000, 0x0000000705c00000, 0x0000000705c00000|100%| O|  |TAMS 0x0000000705c00000, 0x0000000705b00000| Untracked 
|  78|0x0000000705c00000, 0x0000000705d00000, 0x0000000705d00000|100%| O|  |TAMS 0x0000000705d00000, 0x0000000705c00000| Untracked 
|  79|0x0000000705d00000, 0x0000000705e00000, 0x0000000705e00000|100%| O|  |TAMS 0x0000000705e00000, 0x0000000705d00000| Untracked 
|  80|0x0000000705e00000, 0x0000000705f00000, 0x0000000705f00000|100%| O|  |TAMS 0x0000000705f00000, 0x0000000705e00000| Untracked 
|  81|0x0000000705f00000, 0x0000000706000000, 0x0000000706000000|100%| O|  |TAMS 0x0000000706000000, 0x0000000705f00000| Untracked 
|  82|0x0000000706000000, 0x0000000706100000, 0x0000000706100000|100%| O|  |TAMS 0x0000000706100000, 0x0000000706000000| Untracked 
|  83|0x0000000706100000, 0x0000000706200000, 0x0000000706200000|100%|HS|  |TAMS 0x0000000706200000, 0x0000000706100000| Complete 
|  84|0x0000000706200000, 0x0000000706300000, 0x0000000706300000|100%|HC|  |TAMS 0x0000000706300000, 0x0000000706200000| Complete 
|  85|0x0000000706300000, 0x0000000706400000, 0x0000000706400000|100%|HC|  |TAMS 0x0000000706400000, 0x0000000706300000| Complete 
|  86|0x0000000706400000, 0x0000000706500000, 0x0000000706500000|100%|HC|  |TAMS 0x0000000706500000, 0x0000000706400000| Complete 
|  87|0x0000000706500000, 0x0000000706600000, 0x0000000706600000|100%|HC|  |TAMS 0x0000000706600000, 0x0000000706500000| Complete 
|  88|0x0000000706600000, 0x0000000706700000, 0x0000000706700000|100%|HC|  |TAMS 0x0000000706700000, 0x0000000706600000| Complete 
|  89|0x0000000706700000, 0x0000000706800000, 0x0000000706800000|100%|HC|  |TAMS 0x0000000706800000, 0x0000000706700000| Complete 
|  90|0x0000000706800000, 0x0000000706900000, 0x0000000706900000|100%|HC|  |TAMS 0x0000000706900000, 0x0000000706800000| Complete 
|  91|0x0000000706900000, 0x0000000706a00000, 0x0000000706a00000|100%|HC|  |TAMS 0x0000000706a00000, 0x0000000706900000| Complete 
|  92|0x0000000706a00000, 0x0000000706b00000, 0x0000000706b00000|100%|HC|  |TAMS 0x0000000706b00000, 0x0000000706a00000| Complete 
|  93|0x0000000706b00000, 0x0000000706c00000, 0x0000000706c00000|100%|HC|  |TAMS 0x0000000706c00000, 0x0000000706b00000| Complete 
|  94|0x0000000706c00000, 0x0000000706d00000, 0x0000000706d00000|100%|HC|  |TAMS 0x0000000706d00000, 0x0000000706c00000| Complete 
|  95|0x0000000706d00000, 0x0000000706e00000, 0x0000000706e00000|100%|HC|  |TAMS 0x0000000706e00000, 0x0000000706d00000| Complete 
|  96|0x0000000706e00000, 0x0000000706f00000, 0x0000000706f00000|100%|HC|  |TAMS 0x0000000706f00000, 0x0000000706e00000| Complete 
|  97|0x0000000706f00000, 0x0000000707000000, 0x0000000707000000|100%|HC|  |TAMS 0x0000000707000000, 0x0000000706f00000| Complete 
|  98|0x0000000707000000, 0x0000000707100000, 0x0000000707100000|100%|HC|  |TAMS 0x0000000707100000, 0x0000000707000000| Complete 
|  99|0x0000000707100000, 0x0000000707200000, 0x0000000707200000|100%|HC|  |TAMS 0x0000000707200000, 0x0000000707100000| Complete 
| 100|0x0000000707200000, 0x0000000707300000, 0x0000000707300000|100%|HC|  |TAMS 0x0000000707300000, 0x0000000707200000| Complete 
| 101|0x0000000707300000, 0x0000000707400000, 0x0000000707400000|100%|HC|  |TAMS 0x0000000707400000, 0x0000000707300000| Complete 
| 102|0x0000000707400000, 0x0000000707500000, 0x0000000707500000|100%|HC|  |TAMS 0x0000000707500000, 0x0000000707400000| Complete 
| 103|0x0000000707500000, 0x0000000707600000, 0x0000000707600000|100%|HC|  |TAMS 0x0000000707600000, 0x0000000707500000| Complete 
| 104|0x0000000707600000, 0x0000000707700000, 0x0000000707700000|100%| O|  |TAMS 0x0000000707700000, 0x0000000707600000| Untracked 
| 105|0x0000000707700000, 0x0000000707800000, 0x0000000707800000|100%| O|  |TAMS 0x0000000707800000, 0x0000000707700000| Untracked 
| 106|0x0000000707800000, 0x0000000707800000, 0x0000000707900000|  0%| F|  |TAMS 0x0000000707800000, 0x0000000707800000| Untracked 
| 107|0x0000000707900000, 0x0000000707976a00, 0x0000000707a00000| 46%| O|  |TAMS 0x0000000707976a00, 0x0000000707900000| Untracked 
| 108|0x0000000707a00000, 0x0000000707a00000, 0x0000000707b00000|  0%| F|  |TAMS 0x0000000707a00000, 0x0000000707a00000| Untracked 
| 109|0x0000000707b00000, 0x0000000707b00000, 0x0000000707c00000|  0%| F|  |TAMS 0x0000000707b00000, 0x0000000707b00000| Untracked 
| 110|0x0000000707c00000, 0x0000000707c00000, 0x0000000707d00000|  0%| F|  |TAMS 0x0000000707c00000, 0x0000000707c00000| Untracked 
| 111|0x0000000707d00000, 0x0000000707d00000, 0x0000000707e00000|  0%| F|  |TAMS 0x0000000707d00000, 0x0000000707d00000| Untracked 
| 112|0x0000000707e00000, 0x0000000707e00000, 0x0000000707f00000|  0%| F|  |TAMS 0x0000000707e00000, 0x0000000707e00000| Untracked 
| 113|0x0000000707f00000, 0x0000000707f00000, 0x0000000708000000|  0%| F|  |TAMS 0x0000000707f00000, 0x0000000707f00000| Untracked 
| 114|0x0000000708000000, 0x0000000708000000, 0x0000000708100000|  0%| F|  |TAMS 0x0000000708000000, 0x0000000708000000| Untracked 
| 115|0x0000000708100000, 0x0000000708100000, 0x0000000708200000|  0%| F|  |TAMS 0x0000000708100000, 0x0000000708100000| Untracked 
| 116|0x0000000708200000, 0x0000000708200000, 0x0000000708300000|  0%| F|  |TAMS 0x0000000708200000, 0x0000000708200000| Untracked 
| 117|0x0000000708300000, 0x0000000708300000, 0x0000000708400000|  0%| F|  |TAMS 0x0000000708300000, 0x0000000708300000| Untracked 
| 118|0x0000000708400000, 0x0000000708400000, 0x0000000708500000|  0%| F|  |TAMS 0x0000000708400000, 0x0000000708400000| Untracked 
| 119|0x0000000708500000, 0x0000000708500000, 0x0000000708600000|  0%| F|  |TAMS 0x0000000708500000, 0x0000000708500000| Untracked 
| 120|0x0000000708600000, 0x0000000708600000, 0x0000000708700000|  0%| F|  |TAMS 0x0000000708600000, 0x0000000708600000| Untracked 
| 121|0x0000000708700000, 0x0000000708700000, 0x0000000708800000|  0%| F|  |TAMS 0x0000000708700000, 0x0000000708700000| Untracked 
| 122|0x0000000708800000, 0x0000000708800000, 0x0000000708900000|  0%| F|  |TAMS 0x0000000708800000, 0x0000000708800000| Untracked 
| 123|0x0000000708900000, 0x0000000708900000, 0x0000000708a00000|  0%| F|  |TAMS 0x0000000708900000, 0x0000000708900000| Untracked 
| 124|0x0000000708a00000, 0x0000000708a00000, 0x0000000708b00000|  0%| F|  |TAMS 0x0000000708a00000, 0x0000000708a00000| Untracked 
| 125|0x0000000708b00000, 0x0000000708b00000, 0x0000000708c00000|  0%| F|  |TAMS 0x0000000708b00000, 0x0000000708b00000| Untracked 
| 126|0x0000000708c00000, 0x0000000708c00000, 0x0000000708d00000|  0%| F|  |TAMS 0x0000000708c00000, 0x0000000708c00000| Untracked 
| 127|0x0000000708d00000, 0x0000000708d00000, 0x0000000708e00000|  0%| F|  |TAMS 0x0000000708d00000, 0x0000000708d00000| Untracked 
| 128|0x0000000708e00000, 0x0000000708e00000, 0x0000000708f00000|  0%| F|  |TAMS 0x0000000708e00000, 0x0000000708e00000| Untracked 
| 129|0x0000000708f00000, 0x0000000708f00000, 0x0000000709000000|  0%| F|  |TAMS 0x0000000708f00000, 0x0000000708f00000| Untracked 
| 130|0x0000000709000000, 0x0000000709000000, 0x0000000709100000|  0%| F|  |TAMS 0x0000000709000000, 0x0000000709000000| Untracked 
| 131|0x0000000709100000, 0x0000000709100000, 0x0000000709200000|  0%| F|  |TAMS 0x0000000709100000, 0x0000000709100000| Untracked 
| 132|0x0000000709200000, 0x0000000709200000, 0x0000000709300000|  0%| F|  |TAMS 0x0000000709200000, 0x0000000709200000| Untracked 
| 133|0x0000000709300000, 0x0000000709300000, 0x0000000709400000|  0%| F|  |TAMS 0x0000000709300000, 0x0000000709300000| Untracked 
| 134|0x0000000709400000, 0x0000000709400000, 0x0000000709500000|  0%| F|  |TAMS 0x0000000709400000, 0x0000000709400000| Untracked 
| 135|0x0000000709500000, 0x0000000709500000, 0x0000000709600000|  0%| F|  |TAMS 0x0000000709500000, 0x0000000709500000| Untracked 
| 136|0x0000000709600000, 0x0000000709600000, 0x0000000709700000|  0%| F|  |TAMS 0x0000000709600000, 0x0000000709600000| Untracked 
| 137|0x0000000709700000, 0x0000000709700000, 0x0000000709800000|  0%| F|  |TAMS 0x0000000709700000, 0x0000000709700000| Untracked 
| 138|0x0000000709800000, 0x0000000709800000, 0x0000000709900000|  0%| F|  |TAMS 0x0000000709800000, 0x0000000709800000| Untracked 
| 139|0x0000000709900000, 0x0000000709900000, 0x0000000709a00000|  0%| F|  |TAMS 0x0000000709900000, 0x0000000709900000| Untracked 
| 140|0x0000000709a00000, 0x0000000709a00000, 0x0000000709b00000|  0%| F|  |TAMS 0x0000000709a00000, 0x0000000709a00000| Untracked 
| 141|0x0000000709b00000, 0x0000000709b00000, 0x0000000709c00000|  0%| F|  |TAMS 0x0000000709b00000, 0x0000000709b00000| Untracked 
| 142|0x0000000709c00000, 0x0000000709c00000, 0x0000000709d00000|  0%| F|  |TAMS 0x0000000709c00000, 0x0000000709c00000| Untracked 
| 143|0x0000000709d00000, 0x0000000709d00000, 0x0000000709e00000|  0%| F|  |TAMS 0x0000000709d00000, 0x0000000709d00000| Untracked 
| 144|0x0000000709e00000, 0x0000000709e00000, 0x0000000709f00000|  0%| F|  |TAMS 0x0000000709e00000, 0x0000000709e00000| Untracked 
| 145|0x0000000709f00000, 0x0000000709f00000, 0x000000070a000000|  0%| F|  |TAMS 0x0000000709f00000, 0x0000000709f00000| Untracked 
| 146|0x000000070a000000, 0x000000070a000000, 0x000000070a100000|  0%| F|  |TAMS 0x000000070a000000, 0x000000070a000000| Untracked 
| 147|0x000000070a100000, 0x000000070a100000, 0x000000070a200000|  0%| F|  |TAMS 0x000000070a100000, 0x000000070a100000| Untracked 
| 148|0x000000070a200000, 0x000000070a200000, 0x000000070a300000|  0%| F|  |TAMS 0x000000070a200000, 0x000000070a200000| Untracked 
| 149|0x000000070a300000, 0x000000070a300000, 0x000000070a400000|  0%| F|  |TAMS 0x000000070a300000, 0x000000070a300000| Untracked 
| 150|0x000000070a400000, 0x000000070a400000, 0x000000070a500000|  0%| F|  |TAMS 0x000000070a400000, 0x000000070a400000| Untracked 
| 151|0x000000070a500000, 0x000000070a500000, 0x000000070a600000|  0%| F|  |TAMS 0x000000070a500000, 0x000000070a500000| Untracked 
| 152|0x000000070a600000, 0x000000070a600000, 0x000000070a700000|  0%| F|  |TAMS 0x000000070a600000, 0x000000070a600000| Untracked 
| 153|0x000000070a700000, 0x000000070a772e40, 0x000000070a800000| 44%| S|CS|TAMS 0x000000070a700000, 0x000000070a700000| Complete 
| 154|0x000000070a800000, 0x000000070a800000, 0x000000070a900000|  0%| F|  |TAMS 0x000000070a800000, 0x000000070a800000| Untracked 
| 155|0x000000070a900000, 0x000000070a900000, 0x000000070aa00000|  0%| F|  |TAMS 0x000000070a900000, 0x000000070a900000| Untracked 
| 156|0x000000070aa00000, 0x000000070aa00000, 0x000000070ab00000|  0%| F|  |TAMS 0x000000070aa00000, 0x000000070aa00000| Untracked 
| 157|0x000000070ab00000, 0x000000070ab00000, 0x000000070ac00000|  0%| F|  |TAMS 0x000000070ab00000, 0x000000070ab00000| Untracked 
| 158|0x000000070ac00000, 0x000000070ac00000, 0x000000070ad00000|  0%| F|  |TAMS 0x000000070ac00000, 0x000000070ac00000| Untracked 
| 159|0x000000070ad00000, 0x000000070ad00000, 0x000000070ae00000|  0%| F|  |TAMS 0x000000070ad00000, 0x000000070ad00000| Untracked 
| 160|0x000000070ae00000, 0x000000070ae00000, 0x000000070af00000|  0%| F|  |TAMS 0x000000070ae00000, 0x000000070ae00000| Untracked 
| 161|0x000000070af00000, 0x000000070af00000, 0x000000070b000000|  0%| F|  |TAMS 0x000000070af00000, 0x000000070af00000| Untracked 
| 162|0x000000070b000000, 0x000000070b000000, 0x000000070b100000|  0%| F|  |TAMS 0x000000070b000000, 0x000000070b000000| Untracked 
| 163|0x000000070b100000, 0x000000070b100000, 0x000000070b200000|  0%| F|  |TAMS 0x000000070b100000, 0x000000070b100000| Untracked 
| 164|0x000000070b200000, 0x000000070b200000, 0x000000070b300000|  0%| F|  |TAMS 0x000000070b200000, 0x000000070b200000| Untracked 
| 165|0x000000070b300000, 0x000000070b300000, 0x000000070b400000|  0%| F|  |TAMS 0x000000070b300000, 0x000000070b300000| Untracked 
| 166|0x000000070b400000, 0x000000070b400000, 0x000000070b500000|  0%| F|  |TAMS 0x000000070b400000, 0x000000070b400000| Untracked 
| 167|0x000000070b500000, 0x000000070b500000, 0x000000070b600000|  0%| F|  |TAMS 0x000000070b500000, 0x000000070b500000| Untracked 
| 168|0x000000070b600000, 0x000000070b600000, 0x000000070b700000|  0%| F|  |TAMS 0x000000070b600000, 0x000000070b600000| Untracked 
| 169|0x000000070b700000, 0x000000070b700000, 0x000000070b800000|  0%| F|  |TAMS 0x000000070b700000, 0x000000070b700000| Untracked 
| 170|0x000000070b800000, 0x000000070b800000, 0x000000070b900000|  0%| F|  |TAMS 0x000000070b800000, 0x000000070b800000| Untracked 
| 171|0x000000070b900000, 0x000000070b900000, 0x000000070ba00000|  0%| F|  |TAMS 0x000000070b900000, 0x000000070b900000| Untracked 
| 172|0x000000070ba00000, 0x000000070ba00000, 0x000000070bb00000|  0%| F|  |TAMS 0x000000070ba00000, 0x000000070ba00000| Untracked 
| 173|0x000000070bb00000, 0x000000070bb00000, 0x000000070bc00000|  0%| F|  |TAMS 0x000000070bb00000, 0x000000070bb00000| Untracked 
| 174|0x000000070bc00000, 0x000000070bc00000, 0x000000070bd00000|  0%| F|  |TAMS 0x000000070bc00000, 0x000000070bc00000| Untracked 
| 175|0x000000070bd00000, 0x000000070bd00000, 0x000000070be00000|  0%| F|  |TAMS 0x000000070bd00000, 0x000000070bd00000| Untracked 
| 176|0x000000070be00000, 0x000000070be00000, 0x000000070bf00000|  0%| F|  |TAMS 0x000000070be00000, 0x000000070be00000| Untracked 
| 206|0x000000070dc00000, 0x000000070dcbd4d0, 0x000000070dd00000| 73%| E|  |TAMS 0x000000070dc00000, 0x000000070dc00000| Complete 
| 207|0x000000070dd00000, 0x000000070de00000, 0x000000070de00000|100%| E|CS|TAMS 0x000000070dd00000, 0x000000070dd00000| Complete 
| 208|0x000000070de00000, 0x000000070df00000, 0x000000070df00000|100%| E|CS|TAMS 0x000000070de00000, 0x000000070de00000| Complete 
| 209|0x000000070df00000, 0x000000070e000000, 0x000000070e000000|100%| E|CS|TAMS 0x000000070df00000, 0x000000070df00000| Complete 
| 210|0x000000070e000000, 0x000000070e100000, 0x000000070e100000|100%| E|CS|TAMS 0x000000070e000000, 0x000000070e000000| Complete 
| 211|0x000000070e100000, 0x000000070e200000, 0x000000070e200000|100%| E|CS|TAMS 0x000000070e100000, 0x000000070e100000| Complete 
| 255|0x0000000710d00000, 0x0000000710e00000, 0x0000000710e00000|100%| E|CS|TAMS 0x0000000710d00000, 0x0000000710d00000| Complete 

Card table byte_map: [0x000000001c2a0000,0x000000001caa0000] _byte_map_base: 0x0000000018a99000

Marking Bits (Prev, Next): (CMBitMap*) 0x0000000002b43878, (CMBitMap*) 0x0000000002b438b8
 Prev Bits: [0x000000001d2a0000, 0x0000000021268000)
 Next Bits: [0x0000000021270000, 0x0000000025238000)

Polling page: 0x00000000001b0000

Metaspace:

Usage:
  Non-class:     43.12 MB capacity,    42.31 MB ( 98%) used,   668.79 KB (  2%) free+waste,   151.88 KB ( <1%) overhead. 
      Class:      7.07 MB capacity,     6.58 MB ( 93%) used,   424.47 KB (  6%) free+waste,    72.94 KB (  1%) overhead. 
       Both:     50.18 MB capacity,    48.89 MB ( 97%) used,     1.07 MB (  2%) free+waste,   224.81 KB ( <1%) overhead. 

Virtual space:
  Non-class space:       44.00 MB reserved,      43.25 MB ( 98%) committed 
      Class space:        1.00 GB reserved,       7.13 MB ( <1%) committed 
             Both:        1.04 GB reserved,      50.38 MB (  5%) committed 

Chunk freelists:
   Non-Class:  1.25 KB
       Class:  0 bytes
        Both:  1.25 KB

CodeHeap 'non-profiled nmethods': size=120000Kb used=3993Kb max_used=4013Kb free=116007Kb
 bounds [0x0000000014020000, 0x0000000014430000, 0x000000001b550000]
CodeHeap 'profiled nmethods': size=120000Kb used=13515Kb max_used=13809Kb free=106484Kb
 bounds [0x000000000caf0000, 0x000000000d8a0000, 0x0000000014020000]
CodeHeap 'non-nmethods': size=5760Kb used=1458Kb max_used=1519Kb free=4301Kb
 bounds [0x000000000c550000, 0x000000000c7c0000, 0x000000000caf0000]
 total_blobs=9309 nmethods=5548 adapters=830
 compilation: enabled
              stopped_count=0, restarted_count=0
 full_count=0

Compilation events (10 events):
Event: 520.490 Thread 0x0000000028db4800 6432       1       sun.nio.cs.UnicodeDecoder::implReset (9 bytes)
Event: 520.490 Thread 0x0000000028db4800 nmethod 6432 0x00000000142a0b90 code [0x00000000142a0d40, 0x00000000142a0e78]
Event: 520.506 Thread 0x0000000028db4800 6433       1       com.sun.javafx.font.PrismFontFile::isBold (5 bytes)
Event: 520.506 Thread 0x0000000028db4800 nmethod 6433 0x00000000142b0190 code [0x00000000142b0340, 0x00000000142b0478]
Event: 520.506 Thread 0x0000000028db4800 6434       1       com.sun.javafx.font.PrismFontFile::isItalic (5 bytes)
Event: 520.506 Thread 0x0000000028db4800 nmethod 6434 0x00000000142afe10 code [0x00000000142affc0, 0x00000000142b00f8]
Event: 520.515 Thread 0x0000000028db4800 6435       3       java.util.HashMap$ValueIterator::next (8 bytes)
Event: 520.515 Thread 0x0000000028db4800 nmethod 6435 0x000000000cfdad90 code [0x000000000cfdaf60, 0x000000000cfdb130]
Event: 520.517 Thread 0x0000000028db4800 6436       1       java.lang.Module::getName (5 bytes)
Event: 520.517 Thread 0x0000000028db4800 nmethod 6436 0x00000000142afa90 code [0x00000000142afc40, 0x00000000142afd78]

GC Heap History (10 events):
Event: 14.843 GC heap before
{Heap before GC invocations=29 (full 0):
 garbage-first heap   total 138240K, used 102316K [0x0000000700e00000, 0x0000000800000000)
  region size 1024K, 27 young (27648K), 4 survivors (4096K)
 Metaspace       used 46624K, capacity 47736K, committed 47872K, reserved 1089536K
  class space    used 6341K, capacity 6787K, committed 6912K, reserved 1048576K
}
Event: 14.846 GC heap after
{Heap after GC invocations=30 (full 0):
 garbage-first heap   total 138240K, used 83163K [0x0000000700e00000, 0x0000000800000000)
  region size 1024K, 4 young (4096K), 4 survivors (4096K)
 Metaspace       used 46624K, capacity 47736K, committed 47872K, reserved 1089536K
  class space    used 6341K, capacity 6787K, committed 6912K, reserved 1048576K
}
Event: 15.013 GC heap before
{Heap before GC invocations=30 (full 0):
 garbage-first heap   total 138240K, used 99547K [0x0000000700e00000, 0x0000000800000000)
  region size 1024K, 22 young (22528K), 4 survivors (4096K)
 Metaspace       used 47177K, capacity 48399K, committed 48640K, reserved 1091584K
  class space    used 6403K, capacity 6880K, committed 6912K, reserved 1048576K
}
Event: 15.016 GC heap after
{Heap after GC invocations=31 (full 0):
 garbage-first heap   total 138240K, used 87926K [0x0000000700e00000, 0x0000000800000000)
  region size 1024K, 4 young (4096K), 4 survivors (4096K)
 Metaspace       used 47177K, capacity 48399K, committed 48640K, reserved 1091584K
  class space    used 6403K, capacity 6880K, committed 6912K, reserved 1048576K
}
Event: 15.072 GC heap before
{Heap before GC invocations=32 (full 0):
 garbage-first heap   total 188416K, used 127862K [0x0000000700e00000, 0x0000000800000000)
  region size 1024K, 23 young (23552K), 4 survivors (4096K)
 Metaspace       used 47177K, capacity 48399K, committed 48640K, reserved 1091584K
  class space    used 6403K, capacity 6880K, committed 6912K, reserved 1048576K
}
Event: 15.073 GC heap after
{Heap after GC invocations=33 (full 0):
 garbage-first heap   total 188416K, used 109935K [0x0000000700e00000, 0x0000000800000000)
  region size 1024K, 1 young (1024K), 1 survivors (1024K)
 Metaspace       used 47177K, capacity 48399K, committed 48640K, reserved 1091584K
  class space    used 6403K, capacity 6880K, committed 6912K, reserved 1048576K
}
Event: 235.181 GC heap before
{Heap before GC invocations=33 (full 0):
 garbage-first heap   total 188416K, used 137583K [0x0000000700e00000, 0x0000000800000000)
  region size 1024K, 28 young (28672K), 1 survivors (1024K)
 Metaspace       used 47989K, capacity 49269K, committed 49536K, reserved 1091584K
  class space    used 6481K, capacity 6978K, committed 7040K, reserved 1048576K
}
Event: 235.183 GC heap after
{Heap after GC invocations=34 (full 0):
 garbage-first heap   total 188416K, used 110357K [0x0000000700e00000, 0x0000000800000000)
  region size 1024K, 1 young (1024K), 1 survivors (1024K)
 Metaspace       used 47989K, capacity 49269K, committed 49536K, reserved 1091584K
  class space    used 6481K, capacity 6978K, committed 7040K, reserved 1048576K
}
Event: 519.364 GC heap before
{Heap before GC invocations=35 (full 0):
 garbage-first heap   total 188416K, used 139029K [0x0000000700e00000, 0x0000000800000000)
  region size 1024K, 30 young (30720K), 1 survivors (1024K)
 Metaspace       used 48036K, capacity 49333K, committed 49536K, reserved 1091584K
  class space    used 6483K, capacity 6978K, committed 7040K, reserved 1048576K
}
Event: 519.364 GC heap after
{Heap after GC invocations=36 (full 0):
 garbage-first heap   total 188416K, used 109313K [0x0000000700e00000, 0x0000000800000000)
  region size 1024K, 1 young (1024K), 1 survivors (1024K)
 Metaspace       used 48036K, capacity 49333K, committed 49536K, reserved 1091584K
  class space    used 6483K, capacity 6978K, committed 7040K, reserved 1048576K
}

Deoptimization events (10 events):
Event: 519.893 Thread 0x000000002a8cf000 Uncommon trap: reason=unstable_fused_if action=reinterpret pc=0x00000000143ff330 method=sun.util.calendar.AbstractCalendar.getCalendarDate(JLsun/util/calendar/CalendarDate;)Lsun/util/calendar/CalendarDate; @ 138 c2
Event: 519.894 Thread 0x000000002a8cf000 Uncommon trap: reason=unstable_if action=reinterpret pc=0x00000000143dcd04 method=sun.util.calendar.BaseCalendar.getCalendarDateFromFixedDate(Lsun/util/calendar/CalendarDate;J)V @ 74 c2
Event: 519.898 Thread 0x000000002a8cf000 Uncommon trap: reason=unstable_if action=reinterpret pc=0x00000000143a45e4 method=sun.util.calendar.ZoneInfo.getOffsets(J[II)I @ 112 c2
Event: 519.928 Thread 0x000000002a8cf000 Uncommon trap: reason=class_check action=maybe_recompile pc=0x000000001439c14c method=javax.swing.RepaintManager.addDirtyRegion0(Ljava/awt/Container;IIII)V @ 91 c2
Event: 519.999 Thread 0x00000000349f2000 Uncommon trap: reason=unstable_if action=reinterpret pc=0x00000000143f8734 method=java.util.concurrent.locks.AbstractQueuedSynchronizer$ConditionObject.addConditionWaiter()Ljava/util/concurrent/locks/AbstractQueuedSynchronizer$Node; @ 24 c2
Event: 520.146 Thread 0x000000002a8cf000 Uncommon trap: reason=unstable_if action=reinterpret pc=0x00000000142887f8 method=java.awt.EventDispatchThread.filterAndCheckEvent(Ljava/awt/AWTEvent;)Z @ 67 c2
Event: 520.210 Thread 0x000000002a8cf000 Uncommon trap: reason=class_check action=maybe_recompile pc=0x000000001439c14c method=javax.swing.RepaintManager.addDirtyRegion0(Ljava/awt/Container;IIII)V @ 91 c2
Event: 520.387 Thread 0x000000002a8cf000 Uncommon trap: reason=class_check action=maybe_recompile pc=0x000000001439c14c method=javax.swing.RepaintManager.addDirtyRegion0(Ljava/awt/Container;IIII)V @ 91 c2
Event: 520.426 Thread 0x000000002a8cf000 Uncommon trap: reason=unstable_if action=reinterpret pc=0x0000000014257b14 method=java.awt.Container.isParentOf(Ljava/awt/Component;)Z @ 13 c2
Event: 520.431 Thread 0x000000002a8cf000 Uncommon trap: reason=unstable_if action=reinterpret pc=0x000000001422c644 method=javax.swing.ArrayTable.size()I @ 4 c2

Classes redefined (0 events):
No events

Internal exceptions (10 events):
Event: 519.854 Thread 0x000000002a8cf000 Implicit null exception at 0x0000000014384ba1 to 0x000000001438541d
Event: 519.855 Thread 0x000000002a8cf000 Implicit null exception at 0x00000000141d0789 to 0x00000000141d08e6
Event: 519.857 Thread 0x000000002a8cf000 Implicit null exception at 0x00000000142a10d1 to 0x00000000142a14f2
Event: 519.857 Thread 0x000000002a8cf000 Implicit null exception at 0x00000000141d11cc to 0x00000000141d1262
Event: 519.858 Thread 0x000000002a8cf000 Implicit null exception at 0x000000001437a0c7 to 0x000000001437b872
Event: 519.865 Thread 0x000000002a8cf000 Implicit null exception at 0x00000000141fce81 to 0x00000000141fdb56
Event: 519.898 Thread 0x000000002a8cf000 Implicit null exception at 0x00000000143a428d to 0x00000000143a45c6
Event: 519.912 Thread 0x000000002aefb800 Exception <a 'java/lang/NullPointerException'{0x000000070e1a2b80}> (0x000000070e1a2b80) thrown at [c:/ws/workspace/jdk-12.0.2/label/windows-x86_64/type/b11/src/hotspot/share/interpreter/linkResolver.cpp, line 1356]
Event: 519.943 Thread 0x000000002aefb800 Exception <a 'java/lang/NoSuchMethodError'{0x000000070df49478}: java.lang.invoke.DirectMethodHandle$Holder.invokeSpecial(Ljava/lang/Object;Ljava/lang/Object;Ljava/lang/Object;Ljava/lang/Object;)I> (0x000000070df49478) thrown at [c:/ws/workspace/jdk-12.0.2
Event: 520.431 Thread 0x000000002a8cf000 Implicit null exception at 0x000000001422c40a to 0x000000001422c632

Events (10 events):
Event: 520.444 Executing VM operation: RevokeBias
Event: 520.444 Executing VM operation: RevokeBias done
Event: 520.444 Thread 0x000000003438f800 Thread exited: 0x000000003438f800
Event: 520.455 Executing VM operation: RevokeBias
Event: 520.455 Executing VM operation: RevokeBias done
Event: 520.455 Thread 0x000000002a4d1800 Thread exited: 0x000000002a4d1800
Event: 520.471 Thread 0x000000002aefb800 DEOPT PACKING pc=0x000000000cf89204 sp=0x000000003964c170
Event: 520.472 Thread 0x000000002aefb800 DEOPT UNPACKING pc=0x000000000c579a4e sp=0x000000003964b620 mode 0
Event: 520.516 loading class java/lang/Throwable$WrappedPrintStream
Event: 520.516 loading class java/lang/Throwable$WrappedPrintStream done


Dynamic libraries:
0x00007ff6f8eb0000 - 0x00007ff6f8ebd000 	C:\Program Files\BellSoft\LibericaJDK-12\bin\java.exe
0x00007ffaf10d0000 - 0x00007ffaf12c5000 	C:\Windows\SYSTEM32\ntdll.dll
0x00007ffac5de0000 - 0x00007ffac5df9000 	C:\Program Files\AVG\Antivirus\aswhook.dll
0x00007ffaf0c30000 - 0x00007ffaf0ced000 	C:\Windows\System32\KERNEL32.DLL
0x00007ffaeeaa0000 - 0x00007ffaeed68000 	C:\Windows\System32\KERNELBASE.dll
0x00007ffaeee80000 - 0x00007ffaeef80000 	C:\Windows\System32\ucrtbase.dll
0x00007fface0f0000 - 0x00007fface105000 	C:\Program Files\BellSoft\LibericaJDK-12\bin\VCRUNTIME140.dll
0x00007ffaea490000 - 0x00007ffaea4a7000 	C:\Program Files\BellSoft\LibericaJDK-12\bin\jli.dll
0x00007ffaf0cf0000 - 0x00007ffaf0e90000 	C:\Windows\System32\USER32.dll
0x00007ffad1ee0000 - 0x00007ffad217a000 	C:\Windows\WinSxS\amd64_microsoft.windows.common-controls_6595b64144ccf1df_6.0.19041.844_none_ca00b6081b84eb1d\COMCTL32.dll
0x00007ffaee950000 - 0x00007ffaee972000 	C:\Windows\System32\win32u.dll
0x00007ffaef310000 - 0x00007ffaef3ae000 	C:\Windows\System32\msvcrt.dll
0x00007ffaefc40000 - 0x00007ffaefc6a000 	C:\Windows\System32\GDI32.dll
0x00007ffaeed70000 - 0x00007ffaeee7b000 	C:\Windows\System32\gdi32full.dll
0x00007ffaeea00000 - 0x00007ffaeea9d000 	C:\Windows\System32\msvcp_win.dll
0x00007ffaf0790000 - 0x00007ffaf07c0000 	C:\Windows\System32\IMM32.DLL
0x00007ffaac320000 - 0x00007ffaac3bb000 	C:\Program Files\BellSoft\LibericaJDK-12\bin\msvcp140.dll
0x00007ffaaaef0000 - 0x00007ffaaba9b000 	C:\Program Files\BellSoft\LibericaJDK-12\bin\server\jvm.dll
0x00007ffaef1f0000 - 0x00007ffaef29c000 	C:\Windows\System32\ADVAPI32.dll
0x00007ffaf05d0000 - 0x00007ffaf066b000 	C:\Windows\System32\sechost.dll
0x00007ffaefb10000 - 0x00007ffaefc3b000 	C:\Windows\System32\RPCRT4.dll
0x00007ffaf0560000 - 0x00007ffaf0568000 	C:\Windows\System32\PSAPI.DLL
0x00007ffadaec0000 - 0x00007ffadaec9000 	C:\Windows\SYSTEM32\WSOCK32.dll
0x00007ffae3550000 - 0x00007ffae3577000 	C:\Windows\SYSTEM32\WINMM.dll
0x00007ffae98c0000 - 0x00007ffae98ca000 	C:\Windows\SYSTEM32\VERSION.dll
0x00007ffaf03c0000 - 0x00007ffaf042b000 	C:\Windows\System32\WS2_32.dll
0x00007ffaec7d0000 - 0x00007ffaec7e2000 	C:\Windows\SYSTEM32\kernel.appcore.dll
0x00007ffad3490000 - 0x00007ffad34a0000 	C:\Program Files\BellSoft\LibericaJDK-12\bin\verify.dll
0x00007ffae6aa0000 - 0x00007ffae6c84000 	C:\Windows\SYSTEM32\DBGHELP.DLL
0x00007ffae66e0000 - 0x00007ffae670c000 	C:\Windows\SYSTEM32\dbgcore.DLL
0x00007ffaee980000 - 0x00007ffaeea00000 	C:\Windows\System32\bcryptPrimitives.dll
0x00007ffaaae70000 - 0x00007ffaaae96000 	C:\Program Files\BellSoft\LibericaJDK-12\bin\java.dll
0x00007ffaea560000 - 0x00007ffaea577000 	C:\Program Files\BellSoft\LibericaJDK-12\bin\zip.dll
0x00007ffaea550000 - 0x00007ffaea55a000 	C:\Program Files\BellSoft\LibericaJDK-12\bin\jimage.dll
0x00007ffaefc70000 - 0x00007ffaf03b2000 	C:\Windows\System32\SHELL32.dll
0x00007ffaec9d0000 - 0x00007ffaed161000 	C:\Windows\SYSTEM32\windows.storage.dll
0x00007ffaf0820000 - 0x00007ffaf0b75000 	C:\Windows\System32\combase.dll
0x00007ffaee1f0000 - 0x00007ffaee21c000 	C:\Windows\SYSTEM32\Wldp.dll
0x00007ffaf0b80000 - 0x00007ffaf0c2e000 	C:\Windows\System32\SHCORE.dll
0x00007ffaef2b0000 - 0x00007ffaef305000 	C:\Windows\System32\shlwapi.dll
0x00007ffaee790000 - 0x00007ffaee7af000 	C:\Windows\SYSTEM32\profapi.dll
0x00007ffacbc50000 - 0x00007ffacbc69000 	C:\Program Files\BellSoft\LibericaJDK-12\bin\net.dll
0x00007ffae64b0000 - 0x00007ffae65bb000 	C:\Windows\SYSTEM32\WINHTTP.dll
0x00007ffae47b0000 - 0x00007ffae499e000 	C:\Windows\SYSTEM32\urlmon.dll
0x00007ffae6120000 - 0x00007ffae63d0000 	C:\Windows\SYSTEM32\iertutil.dll
0x00007ffaedf60000 - 0x00007ffaedfca000 	C:\Windows\system32\mswsock.dll
0x00007ffacbc30000 - 0x00007ffacbc43000 	C:\Program Files\BellSoft\LibericaJDK-12\bin\nio.dll
0x00007ffaac3c0000 - 0x00007ffaac559000 	C:\Program Files\BellSoft\LibericaJDK-12\bin\awt.dll
0x00007ffaef3d0000 - 0x00007ffaef49d000 	C:\Windows\System32\OLEAUT32.dll
0x00007ffaeae70000 - 0x00007ffaeb430000 	C:\Windows\SYSTEM32\d2d1.dll
0x00007ffaec1b0000 - 0x00007ffaec240000 	C:\Windows\SYSTEM32\apphelp.dll
0x00007ffaec320000 - 0x00007ffaec3be000 	C:\Windows\system32\uxtheme.dll
0x00007ffaef4a0000 - 0x00007ffaef5b5000 	C:\Windows\System32\MSCTF.dll
0x00007ffaf0430000 - 0x00007ffaf055a000 	C:\Windows\System32\ole32.dll
0x00007ffaec6c0000 - 0x00007ffaec6ef000 	C:\Windows\system32\DWMAPI.DLL
0x00007ffad11b0000 - 0x00007ffad1260000 	C:\Windows\WinSxS\amd64_microsoft.windows.common-controls_6595b64144ccf1df_5.82.19041.844_none_423537bff6b9828c\comctl32.dll
0x00007ffac03e0000 - 0x00007ffac0460000 	C:\Program Files\BellSoft\LibericaJDK-12\bin\freetype.dll
0x00007ffabf030000 - 0x00007ffabf0d6000 	C:\Program Files\BellSoft\LibericaJDK-12\bin\fontmanager.dll
0x00007ffabee40000 - 0x00007ffabef66000 	C:\Windows\system32\opengl32.dll
0x00007ffac1870000 - 0x00007ffac189c000 	C:\Windows\SYSTEM32\GLU32.dll
0x00007ffabdd90000 - 0x00007ffabdf5e000 	C:\Windows\system32\d3d9.dll
0x00007ffaee3d0000 - 0x00007ffaee3e2000 	C:\Windows\SYSTEM32\msasn1.dll
0x00007ffae9860000 - 0x00007ffae9891000 	C:\Windows\SYSTEM32\cryptnet.dll
0x00007ffaef010000 - 0x00007ffaef16f000 	C:\Windows\System32\CRYPT32.dll
0x00007ffae9420000 - 0x00007ffae956a000 	C:\Windows\SYSTEM32\drvstore.dll
0x00007ffaee590000 - 0x00007ffaee5bc000 	C:\Windows\SYSTEM32\devobj.dll
0x00007ffaee900000 - 0x00007ffaee94e000 	C:\Windows\System32\cfgmgr32.dll
0x00007ffaee150000 - 0x00007ffaee15c000 	C:\Windows\SYSTEM32\cryptbase.dll
0x00007ffaeef80000 - 0x00007ffaeefe0000 	C:\Windows\System32\wintrust.dll
0x00007ffaef3b0000 - 0x00007ffaef3cd000 	C:\Windows\System32\imagehlp.dll
0x00007ffaee130000 - 0x00007ffaee148000 	C:\Windows\SYSTEM32\CRYPTSP.dll
0x00007ffaed900000 - 0x00007ffaed934000 	C:\Windows\system32\rsaenh.dll
0x00007ffaeefe0000 - 0x00007ffaef007000 	C:\Windows\System32\bcrypt.dll
0x00007ffae0400000 - 0x00007ffae261d000 	C:\Windows\System32\DriverStore\FileRepository\nvmdsi.inf_amd64_a816c3e9128ee3be\nvgpucomp64.dll
0x00007ffaa0c90000 - 0x00007ffaa0f60000 	C:\Windows\system32\nvspcap64.dll
0x00007ffaed5b0000 - 0x00007ffaed5e3000 	C:\Windows\SYSTEM32\ntmarta.dll
0x00007ffaed180000 - 0x00007ffaed1a3000 	C:\Windows\SYSTEM32\gpapi.dll
0x00007ffae2dd0000 - 0x00007ffae2e0b000 	C:\Windows\SYSTEM32\dxcore.dll
0x00007ffaf0670000 - 0x00007ffaf0719000 	C:\Windows\System32\clbcatq.dll
0x00007ffaea390000 - 0x00007ffaea487000 	C:\Windows\SYSTEM32\PROPSYS.dll
0x00007ffac5200000 - 0x00007ffac5217000 	C:\Windows\system32\NetworkExplorer.dll
0x00007ffad7940000 - 0x00007ffad795d000 	C:\Windows\SYSTEM32\MPR.dll
0x00007ffac5180000 - 0x00007ffac518b000 	C:\Windows\System32\drprov.dll
0x00007ffaee370000 - 0x00007ffaee3ca000 	C:\Windows\System32\WINSTA.dll
0x00007ffac5160000 - 0x00007ffac5178000 	C:\Windows\System32\ntlanman.dll
0x00007ffaeda20000 - 0x00007ffaeda37000 	C:\Windows\System32\wkscli.dll
0x00007ffac52e0000 - 0x00007ffac52f2000 	C:\Windows\SYSTEM32\cscapi.dll
0x00007ffaedd60000 - 0x00007ffaedd6c000 	C:\Windows\System32\netutils.dll
0x00007ffabecc0000 - 0x00007ffabed18000 	C:\Windows\System32\dlnashext.dll
0x00007ffabcb70000 - 0x00007ffabcbd4000 	C:\Windows\System32\PlayToDevice.dll
0x00007ffac4a70000 - 0x00007ffac4a90000 	C:\Windows\System32\DevDispItemProvider.dll
0x00007ffae4a30000 - 0x00007ffae4ab5000 	C:\Windows\System32\MMDevApi.dll
0x00007ffaedc50000 - 0x00007ffaedc8b000 	C:\Windows\System32\IPHLPAPI.DLL
0x00007ffaef2a0000 - 0x00007ffaef2a8000 	C:\Windows\System32\NSI.dll
0x00007ffae8550000 - 0x00007ffae8567000 	C:\Windows\SYSTEM32\dhcpcsvc6.DLL
0x00007ffae8c50000 - 0x00007ffae8c6d000 	C:\Windows\SYSTEM32\dhcpcsvc.DLL
0x00007ffaedc90000 - 0x00007ffaedd5c000 	C:\Windows\SYSTEM32\DNSAPI.dll
0x00007ffae9850000 - 0x00007ffae985b000 	C:\Windows\SYSTEM32\WINNSI.DLL
0x00007ffaea4b0000 - 0x00007ffaea4ee000 	C:\Windows\System32\netprofm.dll
0x00007ffae6680000 - 0x00007ffae6690000 	C:\Windows\System32\npmproxy.dll
0x00007ffae54a0000 - 0x00007ffae5c37000 	C:\Windows\System32\OneCoreUAPCommonProxyStub.dll
0x00007ffaea2e0000 - 0x00007ffaea383000 	C:\Windows\System32\PortableDeviceApi.dll
0x00007ffaef6a0000 - 0x00007ffaefb09000 	C:\Windows\System32\SETUPAPI.dll
0x00007ffac5220000 - 0x00007ffac522d000 	C:\Windows\SYSTEM32\LINKINFO.dll
0x00007ffaea0f0000 - 0x00007ffaea0fd000 	C:\Program Files\BellSoft\LibericaJDK-12\bin\sunmscapi.dll
0x00007ffaee260000 - 0x00007ffaee287000 	C:\Windows\SYSTEM32\ncrypt.dll
0x00007ffaee220000 - 0x00007ffaee25b000 	C:\Windows\SYSTEM32\NTASN1.dll
0x00007ffacc5e0000 - 0x00007ffacc606000 	C:\Program Files\BellSoft\LibericaJDK-12\bin\sunec.dll
0x00007ffaee710000 - 0x00007ffaee73e000 	C:\Windows\SYSTEM32\USERENV.dll
0x00007ffaea580000 - 0x00007ffaea594000 	C:\Windows\system32\Wtsapi32.dll
0x00007ffae7fb0000 - 0x00007ffae8164000 	C:\Windows\SYSTEM32\WindowsCodecs.dll
0x00007ffac6260000 - 0x00007ffac629e000 	C:\Windows\system32\dataexchange.dll
0x00007ffaea7a0000 - 0x00007ffaeaa04000 	C:\Windows\system32\d3d11.dll
0x00007ffaeb670000 - 0x00007ffaeb855000 	C:\Windows\system32\dcomp.dll
0x00007ffaed1b0000 - 0x00007ffaed2a3000 	C:\Windows\system32\dxgi.dll
0x00007ffae89a0000 - 0x00007ffae8ba1000 	C:\Windows\system32\twinapi.appcore.dll
0x0000000180000000 - 0x0000000180003000 	C:\Program Files\BellSoft\LibericaJDK-12\bin\api-ms-win-core-console-l1-1-0.dll
0x0000000034c70000 - 0x0000000034c73000 	C:\Program Files\BellSoft\LibericaJDK-12\bin\api-ms-win-core-datetime-l1-1-0.dll
0x0000000034c80000 - 0x0000000034c83000 	C:\Program Files\BellSoft\LibericaJDK-12\bin\api-ms-win-core-debug-l1-1-0.dll
0x0000000034c90000 - 0x0000000034c93000 	C:\Program Files\BellSoft\LibericaJDK-12\bin\api-ms-win-core-errorhandling-l1-1-0.dll
0x0000000034ca0000 - 0x0000000034ca4000 	C:\Program Files\BellSoft\LibericaJDK-12\bin\api-ms-win-core-file-l1-1-0.dll
0x0000000034cb0000 - 0x0000000034cb3000 	C:\Program Files\BellSoft\LibericaJDK-12\bin\api-ms-win-core-file-l1-2-0.dll
0x0000000034cc0000 - 0x0000000034cc3000 	C:\Program Files\BellSoft\LibericaJDK-12\bin\api-ms-win-core-file-l2-1-0.dll
0x0000000034cd0000 - 0x0000000034cd3000 	C:\Program Files\BellSoft\LibericaJDK-12\bin\api-ms-win-core-handle-l1-1-0.dll
0x0000000034ce0000 - 0x0000000034ce3000 	C:\Program Files\BellSoft\LibericaJDK-12\bin\api-ms-win-core-heap-l1-1-0.dll
0x0000000034cf0000 - 0x0000000034cf3000 	C:\Program Files\BellSoft\LibericaJDK-12\bin\api-ms-win-core-interlocked-l1-1-0.dll
0x0000000034d00000 - 0x0000000034d03000 	C:\Program Files\BellSoft\LibericaJDK-12\bin\api-ms-win-core-libraryloader-l1-1-0.dll
0x0000000034d10000 - 0x0000000034d13000 	C:\Program Files\BellSoft\LibericaJDK-12\bin\api-ms-win-core-localization-l1-2-0.dll

dbghelp: loaded successfully - version: 4.0.5 - missing functions: none
symbol engine: initialized successfully - sym options: 0x614 - pdb path: .;C:\Program Files\BellSoft\LibericaJDK-12\bin;C:\Windows\SYSTEM32;C:\Program Files\AVG\Antivirus;C:\Windows\WinSxS\amd64_microsoft.windows.common-controls_6595b64144ccf1df_6.0.19041.844_none_ca00b6081b84eb1d;C:\Program Files\BellSoft\LibericaJDK-12\bin\server;C:\Windows\WinSxS\amd64_microsoft.windows.common-controls_6595b64144ccf1df_5.82.19041.844_none_423537bff6b9828c;C:\Windows\System32\DriverStore\FileRepository\nvmdsi.inf_amd64_a816c3e9128ee3be;C:\Windows\WinSxS\amd64_microsoft.windows.gdiplus_6595b64144ccf1df_1.1.19041.928_none_faefac437613c6cc

VM Arguments:
jvm_args: -Dfile.encoding=UTF-8 
java_command: simrskhanza.SIMRSKhanza
java_class_path (initial): C:\Users\windiartonugroho\lib\commons-codec-1.10.jar;C:\Users\windiartonugroho\lib\calendar-src.jar;C:\Users\windiartonugroho\lib\calendar-doc.jar;C:\Users\windiartonugroho\lib\calendar.jar;C:\Users\windiartonugroho\lib\jcalendar-1.4.jar;C:\Users\windiartonugroho\lib\ant-1.7.1.jar;C:\Users\windiartonugroho\lib\apache-httpcomponents-httpclient.jar;C:\Users\windiartonugroho\lib\appframework-1.0.3.jar;C:\Users\windiartonugroho\lib\barbecue-1.5-beta1.jar;C:\Users\windiartonugroho\lib\batik-dom.jar;C:\Users\windiartonugroho\lib\groovy-all-2.4.7.jar;C:\Users\windiartonugroho\lib\bcel-5.2.jar;C:\Users\windiartonugroho\lib\bcprov-jdk15on-154.jar;C:\Users\windiartonugroho\lib\poi-4.1.0.jar;C:\Users\windiartonugroho\lib\beansbinding-1.2.1.jar;C:\Users\windiartonugroho\lib\bsh-2.0b4.jar;C:\Users\windiartonugroho\lib\com-jaspersoft-ireport.jar;C:\Users\windiartonugroho\lib\com.fasterxml.jackson.core.jar;C:\Users\windiartonugroho\lib\comm.jar;C:\Users\windiartonugroho\lib\common-javaFX-plugin.jar;C:\Users\windiartonugroho\lib\commons-javaflow-20060411.jar;C:\Users\windiartonugroho\lib\commons-logging-1.2.jar;C:\Users\windiartonugroho\lib\fluent-hc-4.5.1.jar;C:\Users\windiartonugroho\lib\fontbox-2.0.13.jar;C:\Users\windiartonugroho\lib\gson-2.2.2.jar;C:\Users\windiartonugroho\lib\hibernate3.jar;C:\Users\windiartonugroho\lib\hsqldb-1.8.0-10.jar;C:\Users\windiartonugroho\lib\httpclient-4.5.1.jar;C:\Users\windiartonugroho\lib\httpclient-cache-4.5.1.jar;C:\Users\windiartonugroho\lib\httpclient-win-4.5.1.jar;C:\Users\windiartonugroho\lib\httpcore-4.4.3.jar;C:\Users\windiartonugroho\lib\httpmime-4.5.1.jar;C:\Users\windiartonugroho\lib\iReport.jar;C:\Users\windiartonugroho\lib\jackson-all-1.9.0.jar;C:\Users\windiartonugroho\lib\java-json.jar;C:\Users\windiartonugroho\lib\javaFX-jps-plugin.jar;C:\Users\windiartonugroho\lib\javaFX.jar;C:\Users\windiartonugroho\lib\jaxen-1.1.1.jar;C:\Users\windiartonugroho\lib\jcommon-1.0.15.jar;C:\Users\windiartonugroho\lib\jd
Launcher Type: SUN_STANDARD

[Global flags]
     intx CICompilerCount                          = 4                                         {product} {ergonomic}
     uint ConcGCThreads                            = 3                                         {product} {ergonomic}
     uint G1ConcRefinementThreads                  = 10                                        {product} {ergonomic}
   size_t G1HeapRegionSize                         = 1048576                                   {product} {ergonomic}
    uintx GCDrainStackTargetSize                   = 64                                        {product} {ergonomic}
   size_t InitialHeapSize                          = 268435456                                 {product} {ergonomic}
   size_t MarkStackSize                            = 4194304                                   {product} {ergonomic}
   size_t MaxHeapSize                              = 4280287232                                {product} {ergonomic}
   size_t MaxNewSize                               = 2567962624                                {product} {ergonomic}
   size_t MinHeapDeltaBytes                        = 1048576                                   {product} {ergonomic}
    uintx NonNMethodCodeHeapSize                   = 5836300                                {pd product} {ergonomic}
    uintx NonProfiledCodeHeapSize                  = 122910970                              {pd product} {ergonomic}
    uintx ProfiledCodeHeapSize                     = 122910970                              {pd product} {ergonomic}
    uintx ReservedCodeCacheSize                    = 251658240                              {pd product} {ergonomic}
     bool SegmentedCodeCache                       = true                                      {product} {ergonomic}
     bool UseCompressedClassPointers               = true                                 {lp64_product} {ergonomic}
     bool UseCompressedOops                        = true                                 {lp64_product} {ergonomic}
     bool UseG1GC                                  = true                                      {product} {ergonomic}
     bool UseLargePagesIndividualAllocation        = false                                  {pd product} {ergonomic}

Logging:
Log output configuration:
 #0: stdout all=warning uptime,level,tags
 #1: stderr all=off uptime,level,tags

Environment Variables:
JAVA_HOME=C:\Program Files\BellSoft\LibericaJDK-12\
PATH=C:\Program Files (x86)\VMware\VMware Workstation\bin\;C:\Program Files\BellSoft\LibericaJDK-12\bin\;C:\Windows\system32;C:\Windows;C:\Windows\System32\Wbem;C:\Windows\System32\WindowsPowerShell\v1.0\;C:\Windows\System32\OpenSSH\;C:\Program Files (x86)\PowerShell\7\;C:\Program Files\PowerShell\7\;C:\Program Files (x86)\NVIDIA Corporation\PhysX\Common;C:\Program Files\NVIDIA Corporation\NVIDIA NvDLISR;C:\Program Files\nodejs\;C:\Program Files\Git\cmd;C:\Program Files (x86)\EaseUS\Todo Backup\bin;C:\Program Files\dotnet\;C:\Users\EDP\AppData\Local\Microsoft\WindowsApps;C:\Users\EDP\AppData\Roaming\npm;C:\Users\EDP\AppData\Local\Programs\Microsoft VS Code\bin
USERNAME=EDP
OS=Windows_NT
PROCESSOR_IDENTIFIER=Intel64 Family 6 Model 165 Stepping 3, GenuineIntel



---------------  S Y S T E M  ---------------

OS: Windows 10 , 64 bit Build 19041 (10.0.19041.928)

CPU:total 12 (initial active 12) (6 cores per cpu, 2 threads per core) family 6 model 165 stepping 3, cmov, cx8, fxsr, mmx, sse, sse2, sse3, ssse3, sse4.1, sse4.2, popcnt, avx, avx2, aes, clmul, erms, 3dnowpref, lzcnt, ht, tsc, tscinvbit, bmi1, bmi2, adx, fma

Memory: 4k page, system-wide physical 16322M (9668M free)
TotalPageFile size 18178M (AvailPageFile size 9562M)
current process WorkingSet (physical memory assigned to process): 417M, peak: 451M
current process commit charge ("private bytes"): 502M, peak: 545M

vm_info: OpenJDK 64-Bit Server VM (12.0.2-BellSoft+10) for windows-amd64 JRE (12.0.2-BellSoft+10), built on Jul 17 2019 07:57:13 by "" with unknown MS VC++:1916

END.
